2025-04-01 19:29:22,004 - INFO - 启动爬虫，时间范围：2022-2025
2025-04-01 19:29:22,004 - INFO - 开始处理 2022 年数据
2025-04-01 19:29:22,004 - INFO - 读取到进度：年份 2022, 时间段索引 0
2025-04-01 19:29:22,004 - INFO - 开始爬取：年份 2022, 时间段 2022-01-01~2022-01-31 (1/12)
2025-04-01 19:29:41,938 - INFO - 
检测到终止信号，正在保存数据...
2025-04-01 19:29:41,939 - INFO - 已保存中断前的330条数据
2025-04-01 19:29:41,940 - INFO - 进度已保存：年份 2022，时间段 2022-01-01~2022-01-31
2025-04-01 19:29:41,940 - INFO - 
检测到终止信号，正在保存数据...
2025-04-01 19:29:41,940 - INFO - 已保存中断前的330条数据
2025-04-01 19:29:41,941 - INFO - 进度已保存：年份 2022，时间段 2022-01-01~2022-01-31
2025-04-01 19:29:45,245 - INFO - 启动爬虫，时间范围：2022-2023
2025-04-01 19:29:45,245 - INFO - 开始处理 2022 年数据
2025-04-01 19:29:45,246 - INFO - 读取到进度：年份 2022, 时间段索引 0
2025-04-01 19:29:45,246 - INFO - 开始爬取：年份 2022, 时间段 2022-01-01~2022-01-31 (1/12)
2025-04-01 19:32:46,837 - INFO - 
检测到终止信号，正在保存数据...
2025-04-01 19:32:46,850 - INFO - 已保存中断前的3120条数据
2025-04-01 19:32:46,850 - INFO - 进度已保存：年份 2022，时间段 2022-01-01~2022-01-31
2025-04-01 19:32:46,850 - INFO - 
检测到终止信号，正在保存数据...
2025-04-01 19:32:46,861 - INFO - 已保存中断前的3120条数据
2025-04-01 19:32:46,862 - INFO - 进度已保存：年份 2022，时间段 2022-01-01~2022-01-31
2025-04-01 19:34:48,453 - INFO - 启动爬虫，时间范围：2022-2023
2025-04-01 19:34:48,453 - INFO - 开始处理 2022 年数据
2025-04-01 19:34:48,453 - INFO - 读取到进度：年份 2022, 时间段索引 0
2025-04-01 19:34:48,453 - INFO - 开始爬取：年份 2022, 时间段 2022-01-01~2022-01-31 (1/12)
2025-04-01 19:35:03,452 - INFO - 
检测到终止信号，正在保存数据...
2025-04-01 19:35:03,453 - INFO - 已保存中断前的270条数据
2025-04-01 19:35:03,454 - INFO - 进度已保存：年份 2022，时间段 2022-01-01~2022-01-31
2025-04-01 19:35:03,454 - INFO - 
检测到终止信号，正在保存数据...
2025-04-01 19:35:03,454 - INFO - 已保存中断前的270条数据
2025-04-01 19:35:03,454 - INFO - 进度已保存：年份 2022，时间段 2022-01-01~2022-01-31
2025-04-01 19:35:42,852 - INFO - 启动爬虫，时间范围：2022-2023
2025-04-01 19:35:42,853 - INFO - 开始处理 2022 年数据
2025-04-01 19:35:42,853 - INFO - 开始爬取：年份 2022, 时间段 2022-01-01~2022-01-31 (1/12)
2025-04-01 19:57:04,653 - INFO - 
检测到终止信号，正在保存数据...
2025-04-01 19:57:04,701 - INFO - 已保存中断前的21420条数据
2025-04-01 19:57:04,701 - INFO - 进度已保存：年份 2022，时间段 2022-01-01~2022-01-31
2025-04-01 19:57:04,701 - INFO - 
检测到终止信号，正在保存数据...
2025-04-01 19:57:04,741 - INFO - 已保存中断前的21420条数据
2025-04-01 19:57:04,741 - INFO - 进度已保存：年份 2022，时间段 2022-01-01~2022-01-31
